  ComponentModule.cpp
C:\Users\ко\source\repos\DEngine2D\DEngine2D--simple-\DEngine2D\ComponentModule.h(25): warning C4227: устаревший элемент: пропуск квалификаторов для ссылки
  DEngine2D.cpp
C:\Users\ко\source\repos\DEngine2D\DEngine2D--simple-\DEngine2D\ComponentModule.h(25): warning C4227: устаревший элемент: пропуск квалификаторов для ссылки
C:\Users\ко\source\repos\DEngine2D\DEngine2D--simple-\DEngine2D\SceneModule.h(67,39): warning C4227: устаревший элемент: пропуск квалификаторов для ссылки
C:\Users\ко\source\repos\DEngine2D\DEngine2D--simple-\DEngine2D\PhysicModule.h(24,2): warning C4091: static : пропускается слева от "VectorMath", когда ни одна переменная не объявлена
  MainGameScene.cpp
C:\Users\ко\source\repos\DEngine2D\DEngine2D--simple-\DEngine2D\ComponentModule.h(25): warning C4227: устаревший элемент: пропуск квалификаторов для ссылки
C:\Users\ко\source\repos\DEngine2D\DEngine2D--simple-\DEngine2D\SceneModule.h(67,39): warning C4227: устаревший элемент: пропуск квалификаторов для ссылки
  MenuScene.cpp
C:\Users\ко\source\repos\DEngine2D\DEngine2D--simple-\DEngine2D\ComponentModule.h(25): warning C4227: устаревший элемент: пропуск квалификаторов для ссылки
C:\Users\ко\source\repos\DEngine2D\DEngine2D--simple-\DEngine2D\SceneModule.h(67,39): warning C4227: устаревший элемент: пропуск квалификаторов для ссылки
  PhysicModule.cpp
C:\Users\ко\source\repos\DEngine2D\DEngine2D--simple-\DEngine2D\ComponentModule.h(25): warning C4227: устаревший элемент: пропуск квалификаторов для ссылки
C:\Users\ко\source\repos\DEngine2D\DEngine2D--simple-\DEngine2D\SceneModule.h(67,39): warning C4227: устаревший элемент: пропуск квалификаторов для ссылки
C:\Users\ко\source\repos\DEngine2D\DEngine2D--simple-\DEngine2D\PhysicModule.h(24,2): warning C4091: static : пропускается слева от "VectorMath", когда ни одна переменная не объявлена
  SceneModule.cpp
C:\Users\ко\source\repos\DEngine2D\DEngine2D--simple-\DEngine2D\ComponentModule.h(25): warning C4227: устаревший элемент: пропуск квалификаторов для ссылки
C:\Users\ко\source\repos\DEngine2D\DEngine2D--simple-\DEngine2D\SceneModule.h(67,39): warning C4227: устаревший элемент: пропуск квалификаторов для ссылки
C:\Users\ко\source\repos\DEngine2D\DEngine2D--simple-\DEngine2D\SceneModule.cpp(53,51): warning C4227: устаревший элемент: пропуск квалификаторов для ссылки
  ScenePhysicTest.cpp
C:\Users\ко\source\repos\DEngine2D\DEngine2D--simple-\DEngine2D\ComponentModule.h(25): warning C4227: устаревший элемент: пропуск квалификаторов для ссылки
C:\Users\ко\source\repos\DEngine2D\DEngine2D--simple-\DEngine2D\SceneModule.h(67,39): warning C4227: устаревший элемент: пропуск квалификаторов для ссылки
C:\Users\ко\source\repos\DEngine2D\DEngine2D--simple-\DEngine2D\PhysicModule.h(24,2): warning C4091: static : пропускается слева от "VectorMath", когда ни одна переменная не объявлена
  UIComponentModule.cpp
C:\Users\ко\source\repos\DEngine2D\DEngine2D--simple-\DEngine2D\ComponentModule.h(25): warning C4227: устаревший элемент: пропуск квалификаторов для ссылки
C:\Users\ко\source\repos\DEngine2D\DEngine2D--simple-\DEngine2D\SceneModule.h(67,39): warning C4227: устаревший элемент: пропуск квалификаторов для ссылки
  Создание кода...
  DEngine2D.vcxproj -> C:\Users\ко\source\repos\DEngine2D\DEngine2D--simple-\x64\Debug\DEngine2D.exe
